Starting a Gradle Daemon, 3 stopped Daemons could not be reused, use --status for details
> Task :compileJava
> Task :processResources UP-TO-DATE
> Task :classes
> Task :resolveMainClassName

> Task :bootRun

  .   ____          _            __ _ _
 /\\ / ___'_ __ _ _(_)_ __  __ _ \ \ \ \
( ( )\___ | '_ | '_| | '_ \/ _` | \ \ \ \
 \\/  ___)| |_)| | | | | || (_| |  ) ) ) )
  '  |____| .__|_| |_|_| |_\__, | / / / /
 =========|_|==============|___/=/_/_/_/

 :: Spring Boot ::                (v3.3.3)

2025-08-29T06:13:36.244+05:30  INFO 9614 --- [stayease] [  restartedMain] c.takehome.stayease.StayeaseApplication  : Starting StayeaseApplication using Java 17.0.7 with PID 9614 (/tmp/gradle_builds/stayease/stayease/classes/java/main started by crio-user in /home/crio-user/workspace/learnwithhimo-ME_BUILDOUT_STAYEASE)
2025-08-29T06:13:36.249+05:30  INFO 9614 --- [stayease] [  restartedMain] c.takehome.stayease.StayeaseApplication  : No active profile set, falling back to 1 default profile: "default"
2025-08-29T06:13:36.317+05:30  INFO 9614 --- [stayease] [  restartedMain] .e.DevToolsPropertyDefaultsPostProcessor : Devtools property defaults active! Set 'spring.devtools.add-properties' to 'false' to disable
2025-08-29T06:13:36.318+05:30  INFO 9614 --- [stayease] [  restartedMain] .e.DevToolsPropertyDefaultsPostProcessor : For additional web related logging consider setting the 'logging.level.web' property to 'DEBUG'
2025-08-29T06:13:37.545+05:30  INFO 9614 --- [stayease] [  restartedMain] .s.d.r.c.RepositoryConfigurationDelegate : Bootstrapping Spring Data JPA repositories in DEFAULT mode.
2025-08-29T06:13:37.656+05:30  INFO 9614 --- [stayease] [  restartedMain] .s.d.r.c.RepositoryConfigurationDelegate : Finished Spring Data repository scanning in 93 ms. Found 3 JPA repository interfaces.
2025-08-29T06:13:38.530+05:30  INFO 9614 --- [stayease] [  restartedMain] o.s.b.w.embedded.tomcat.TomcatWebServer  : Tomcat initialized with port 8081 (http)
2025-08-29T06:13:38.548+05:30  INFO 9614 --- [stayease] [  restartedMain] o.apache.catalina.core.StandardService   : Starting service [Tomcat]
2025-08-29T06:13:38.548+05:30  INFO 9614 --- [stayease] [  restartedMain] o.apache.catalina.core.StandardEngine    : Starting Servlet engine: [Apache Tomcat/10.1.28]
2025-08-29T06:13:38.610+05:30  INFO 9614 --- [stayease] [  restartedMain] o.a.c.c.C.[Tomcat].[localhost].[/]       : Initializing Spring embedded WebApplicationContext
2025-08-29T06:13:38.612+05:30  INFO 9614 --- [stayease] [  restartedMain] w.s.c.ServletWebServerApplicationContext : Root WebApplicationContext: initialization completed in 2292 ms
2025-08-29T06:13:38.810+05:30  INFO 9614 --- [stayease] [  restartedMain] o.hibernate.jpa.internal.util.LogHelper  : HHH000204: Processing PersistenceUnitInfo [name: default]
2025-08-29T06:13:38.871+05:30  INFO 9614 --- [stayease] [  restartedMain] org.hibernate.Version                    : HHH000412: Hibernate ORM core version 6.5.2.Final
2025-08-29T06:13:38.910+05:30  INFO 9614 --- [stayease] [  restartedMain] o.h.c.internal.RegionFactoryInitiator    : HHH000026: Second-level cache disabled
2025-08-29T06:13:39.249+05:30  INFO 9614 --- [stayease] [  restartedMain] o.s.o.j.p.SpringPersistenceUnitInfo      : No LoadTimeWeaver setup: ignoring JPA class transformer
2025-08-29T06:13:39.296+05:30  INFO 9614 --- [stayease] [  restartedMain] com.zaxxer.hikari.HikariDataSource       : HikariPool-1 - Starting...
2025-08-29T06:13:39.715+05:30  INFO 9614 --- [stayease] [  restartedMain] com.zaxxer.hikari.pool.HikariPool        : HikariPool-1 - Added connection com.mysql.cj.jdbc.ConnectionImpl@28a6a0eb
2025-08-29T06:13:39.718+05:30  INFO 9614 --- [stayease] [  restartedMain] com.zaxxer.hikari.HikariDataSource       : HikariPool-1 - Start completed.
2025-08-29T06:13:39.775+05:30  WARN 9614 --- [stayease] [  restartedMain] org.hibernate.dialect.Dialect            : HHH000511: The 5.7.42 version for [org.hibernate.dialect.MySQLDialect] is no longer supported, hence certain features may not work properly. The minimum supported version is 8.0.0. Check the community dialects project for available legacy versions.
2025-08-29T06:13:41.089+05:30  INFO 9614 --- [stayease] [  restartedMain] o.h.e.t.j.p.i.JtaPlatformInitiator       : HHH000489: No JTA platform available (set 'hibernate.transaction.jta.platform' to enable JTA platform integration)
2025-08-29T06:13:41.192+05:30  INFO 9614 --- [stayease] [  restartedMain] j.LocalContainerEntityManagerFactoryBean : Initialized JPA EntityManagerFactory for persistence unit 'default'
2025-08-29T06:13:41.748+05:30  INFO 9614 --- [stayease] [  restartedMain] eAuthenticationProviderManagerConfigurer : Global AuthenticationManager configured with AuthenticationProvider bean with name authenticationProvider
2025-08-29T06:13:41.751+05:30  WARN 9614 --- [stayease] [  restartedMain] r$InitializeUserDetailsManagerConfigurer : Global AuthenticationManager configured with an AuthenticationProvider bean. UserDetailsService beans will not be used for username/password login. Consider removing the AuthenticationProvider bean. Alternatively, consider using the UserDetailsService in a manually instantiated DaoAuthenticationProvider.
2025-08-29T06:13:41.931+05:30  WARN 9614 --- [stayease] [  restartedMain] JpaBaseConfiguration$JpaWebConfiguration : spring.jpa.open-in-view is enabled by default. Therefore, database queries may be performed during view rendering. Explicitly configure spring.jpa.open-in-view to disable this warning
2025-08-29T06:13:42.808+05:30  INFO 9614 --- [stayease] [  restartedMain] o.s.b.d.a.OptionalLiveReloadServer       : LiveReload server is running on port 35729
2025-08-29T06:13:42.846+05:30  INFO 9614 --- [stayease] [  restartedMain] o.s.b.w.embedded.tomcat.TomcatWebServer  : Tomcat started on port 8081 (http) with context path '/'
2025-08-29T06:13:42.861+05:30  INFO 9614 --- [stayease] [  restartedMain] c.takehome.stayease.StayeaseApplication  : Started StayeaseApplication in 7.14 seconds (process running for 7.658)
Admin user already exists. Skipping creation.
2025-08-29T06:13:43.474+05:30  INFO 9614 --- [stayease] [nio-8081-exec-1] o.a.c.c.C.[Tomcat].[localhost].[/]       : Initializing Spring DispatcherServlet 'dispatcherServlet'
2025-08-29T06:13:43.475+05:30  INFO 9614 --- [stayease] [nio-8081-exec-1] o.s.web.servlet.DispatcherServlet        : Initializing Servlet 'dispatcherServlet'
2025-08-29T06:13:43.476+05:30  INFO 9614 --- [stayease] [nio-8081-exec-1] o.s.web.servlet.DispatcherServlet        : Completed initialization in 1 ms
2025-08-29T06:13:44.222+05:30  WARN 9614 --- [stayease] [nio-8081-exec-6] .m.m.a.ExceptionHandlerExceptionResolver : Resolved [org.springframework.web.bind.MethodArgumentNotValidException: Validation failed for argument [0] in public org.springframework.http.ResponseEntity<com.takehome.stayease.exchange.AuthResponseDto> com.takehome.stayease.controller.AuthController.registerUser(com.takehome.stayease.dto.RegisterUserRequest) with 2 errors: [Field error in object 'registerUserRequest' on field 'password': rejected value [weak]; codes [Pattern.registerUserRequest.password,Pattern.password,Pattern.java.lang.String,Pattern]; arguments [org.springframework.context.support.DefaultMessageSourceResolvable: codes [registerUserRequest.password,password]; arguments []; default message [password],[Ljakarta.validation.constraints.Pattern$Flag;@1cdcf80b,^(?=.*[0-9])(?=.*[a-z])(?=.*[A-Z])(?=.*[@#$%^&+=!])(?=\S+$).{8,}$]; default message [Password must contain at least one uppercase letter, one lowercase letter, one number, and one special character.]] [Field error in object 'registerUserRequest' on field 'password': rejected value [weak]; codes [Size.registerUserRequest.password,Size.password,Size.java.lang.String,Size]; arguments [org.springframework.context.support.DefaultMessageSourceResolvable: codes [registerUserRequest.password,password]; arguments []; default message [password],2147483647,8]; default message [Password must be at least 8 characters long]] ]
2025-08-29T06:13:44.235+05:30  WARN 9614 --- [stayease] [nio-8081-exec-7] .m.m.a.ExceptionHandlerExceptionResolver : Resolved [org.springframework.web.bind.MethodArgumentNotValidException: Validation failed for argument [0] in public org.springframework.http.ResponseEntity<com.takehome.stayease.exchange.AuthResponseDto> com.takehome.stayease.controller.AuthController.registerUser(com.takehome.stayease.dto.RegisterUserRequest): [Field error in object 'registerUserRequest' on field 'email': rejected value [invalid-email]; codes [Email.registerUserRequest.email,Email.email,Email.java.lang.String,Email]; arguments [org.springframework.context.support.DefaultMessageSourceResolvable: codes [registerUserRequest.email,email]; arguments []; default message [email],[Ljakarta.validation.constraints.Pattern$Flag;@2e11aed,.*]; default message [Email should be valid]] ]
2025-08-29T06:13:44.643+05:30  WARN 9614 --- [stayease] [io-8081-exec-10] .m.m.a.ExceptionHandlerExceptionResolver : Resolved [com.takehome.stayease.exceptions.ResourceNotFoundException: User not found with credentials : 'invalid']
DEBUGGING - User: admin.a3635ca5-0ce8-4504-bed6-10a2a5e618c0@test.com
DEBUGGING - Authorities: [ADMIN]
2025-08-29T06:13:44.847+05:30  WARN 9614 --- [stayease] [nio-8081-exec-5] .m.m.a.ExceptionHandlerExceptionResolver : Resolved [org.springframework.security.authorization.AuthorizationDeniedException: Access Denied]
2025-08-29T06:13:45.225+05:30  WARN 9614 --- [stayease] [nio-8081-exec-8] .m.m.a.ExceptionHandlerExceptionResolver : Resolved [org.springframework.security.authorization.AuthorizationDeniedException: Access Denied]
DEBUGGING - User: admin.a3635ca5-0ce8-4504-bed6-10a2a5e618c0@test.com
DEBUGGING - Authorities: [ADMIN]
2025-08-29T06:13:45.331+05:30  WARN 9614 --- [stayease] [nio-8081-exec-2] .m.m.a.ExceptionHandlerExceptionResolver : Resolved [com.takehome.stayease.exceptions.ResourceNotFoundException: No rooms available at this hotel. not found with id : '19']
